<?xml version="1.0" encoding="UTF-8"?>
<testsuite xmlns:xsi="http://www.w3.org/2001/XMLSchema-instance" xsi:noNamespaceSchemaLocation="https://maven.apache.org/surefire/maven-surefire-plugin/xsd/surefire-test-report-3.0.xsd" version="3.0" name="testRunner.TestRunner" time="128.976" tests="7" errors="1" skipped="0" failures="2">
  <properties>
[...]
</properties>
  <testcase name="Add a New Customer" classname="Customers" time="36.746">
    <error message="element not interactable&#10;  (Session info: chrome=114.0.5735.134)&#10;Build info: version: &apos;4.9.1&apos;, revision: &apos;eb2032df7f&apos;&#10;System info: os.name: &apos;Windows 11&apos;, os.arch: &apos;amd64&apos;, os.version: &apos;10.0&apos;, java.version: &apos;17.0.6&apos;&#10;Driver info: org.openqa.selenium.chrome.ChromeDriver&#10;Command: [58415e6c9372f5df5b8dbf53c5d1e7ea, sendKeysToElement {id=1F4AAD64247FD46508DC817FBA1ACAD5_element_132, value=[Ljava.lang.CharSequence;@55fdf7f9}]&#10;Capabilities {acceptInsecureCerts: false, browserName: chrome, browserVersion: 114.0.5735.134, chrome: {chromedriverVersion: 114.0.5735.90 (386bc09e8f4f..., userDataDir: C:\WINDOWS\SystemTemp\scope...}, goog:chromeOptions: {debuggerAddress: localhost:50955}, networkConnectionEnabled: false, pageLoadStrategy: normal, platformName: windows, proxy: Proxy(), se:cdp: ws://localhost:50955/devtoo..., se:cdpVersion: 114.0.5735.134, setWindowRect: true, strictFileInteractability: false, timeouts: {implicit: 0, pageLoad: 300000, script: 30000}, unhandledPromptBehavior: dismiss and notify, webauthn:extension:credBlob: true, webauthn:extension:largeBlob: true, webauthn:extension:minPinLength: true, webauthn:extension:prf: true, webauthn:virtualAuthenticators: true}&#10;Element: [[ChromeDriver: chrome on windows (58415e6c9372f5df5b8dbf53c5d1e7ea)] -&gt; id: Email]&#10;Session ID: 58415e6c9372f5df5b8dbf53c5d1e7ea" type="org.openqa.selenium.ElementNotInteractableException"><![CDATA[org.openqa.selenium.ElementNotInteractableException: 
element not interactable
  (Session info: chrome=114.0.5735.134)
Build info: version: '4.9.1', revision: 'eb2032df7f'
System info: os.name: 'Windows 11', os.arch: 'amd64', os.version: '10.0', java.version: '17.0.6'
Driver info: org.openqa.selenium.chrome.ChromeDriver
Command: [58415e6c9372f5df5b8dbf53c5d1e7ea, sendKeysToElement {id=1F4AAD64247FD46508DC817FBA1ACAD5_element_132, value=[Ljava.lang.CharSequence;@55fdf7f9}]
Capabilities {acceptInsecureCerts: false, browserName: chrome, browserVersion: 114.0.5735.134, chrome: {chromedriverVersion: 114.0.5735.90 (386bc09e8f4f..., userDataDir: C:\WINDOWS\SystemTemp\scope...}, goog:chromeOptions: {debuggerAddress: localhost:50955}, networkConnectionEnabled: false, pageLoadStrategy: normal, platformName: windows, proxy: Proxy(), se:cdp: ws://localhost:50955/devtoo..., se:cdpVersion: 114.0.5735.134, setWindowRect: true, strictFileInteractability: false, timeouts: {implicit: 0, pageLoad: 300000, script: 30000}, unhandledPromptBehavior: dismiss and notify, webauthn:extension:credBlob: true, webauthn:extension:largeBlob: true, webauthn:extension:minPinLength: true, webauthn:extension:prf: true, webauthn:virtualAuthenticators: true}
Element: [[ChromeDriver: chrome on windows (58415e6c9372f5df5b8dbf53c5d1e7ea)] -> id: Email]
Session ID: 58415e6c9372f5df5b8dbf53c5d1e7ea
	at java.base/jdk.internal.reflect.NativeConstructorAccessorImpl.newInstance0(Native Method)
	at java.base/jdk.internal.reflect.NativeConstructorAccessorImpl.newInstance(NativeConstructorAccessorImpl.java:77)
	at java.base/jdk.internal.reflect.DelegatingConstructorAccessorImpl.newInstance(DelegatingConstructorAccessorImpl.java:45)
	at java.base/java.lang.reflect.Constructor.newInstanceWithCaller(Constructor.java:499)
	at java.base/java.lang.reflect.Constructor.newInstance(Constructor.java:480)
	at org.openqa.selenium.remote.codec.w3c.W3CHttpResponseCodec.createException(W3CHttpResponseCodec.java:200)
	at org.openqa.selenium.remote.codec.w3c.W3CHttpResponseCodec.decode(W3CHttpResponseCodec.java:133)
	at org.openqa.selenium.remote.codec.w3c.W3CHttpResponseCodec.decode(W3CHttpResponseCodec.java:53)
	at org.openqa.selenium.remote.HttpCommandExecutor.execute(HttpCommandExecutor.java:193)
	at org.openqa.selenium.remote.service.DriverCommandExecutor.invokeExecute(DriverCommandExecutor.java:183)
	at org.openqa.selenium.remote.service.DriverCommandExecutor.execute(DriverCommandExecutor.java:158)
	at org.openqa.selenium.remote.RemoteWebDriver.execute(RemoteWebDriver.java:543)
	at org.openqa.selenium.remote.RemoteWebElement.execute(RemoteWebElement.java:257)
	at org.openqa.selenium.remote.RemoteWebElement.sendKeys(RemoteWebElement.java:113)
	at java.base/jdk.internal.reflect.NativeMethodAccessorImpl.invoke0(Native Method)
	at java.base/jdk.internal.reflect.NativeMethodAccessorImpl.invoke(NativeMethodAccessorImpl.java:77)
	at java.base/jdk.internal.reflect.DelegatingMethodAccessorImpl.invoke(DelegatingMethodAccessorImpl.java:43)
	at java.base/java.lang.reflect.Method.invoke(Method.java:568)
	at org.openqa.selenium.support.pagefactory.internal.LocatingElementHandler.invoke(LocatingElementHandler.java:52)
	at jdk.proxy2/jdk.proxy2.$Proxy39.sendKeys(Unknown Source)
	at pageObject.AddCustomerPage.setEmail(AddCustomerPage.java:70)
	at stepDefinitions.steps.user_can_enter_customer_info(steps.java:195)
	at ✽.User can enter customer info(file:///C:/Users/Admin/eclipse-workspace/Cucumber_NopCommerce/./Features/NOP_Customers.feature:15)
]]></error>
    <system-out><![CDATA[
@Sanity
Scenario: Add a New Customer                                                              &amp#27;[90m# Features/NOP_Customers.feature:10&amp#27;[0m
  &amp#27;[32mGiven &amp#27;[0m&amp#27;[32mUser Launch the browser&amp#27;[0m                                                           &amp#27;[90m# stepDefinitions.steps.user_launch_the_browser()&amp#27;[0m
  &amp#27;[32mWhen &amp#27;[0m&amp#27;[32mUser opens the URL &amp#27;[0m&amp#27;[32m&amp#27;[1m"https://admin-demo.nopcommerce.com/admin/"&amp#27;[0m                     &amp#27;[90m# stepDefinitions.steps.user_opens_the_url(java.lang.String)&amp#27;[0m
  &amp#27;[32mAnd &amp#27;[0m&amp#27;[32mUser enters Email as &amp#27;[0m&amp#27;[32m&amp#27;[1m"admin@yourstore.com"&amp#27;[0m&amp#27;[32m and Password as &amp#27;[0m&amp#27;[32m&amp#27;[1m"admin"&amp#27;[0m                  &amp#27;[90m# stepDefinitions.steps.user_enters_email_as_and_password_as(java.lang.String,java.lang.String)&amp#27;[0m
  &amp#27;[32mAnd &amp#27;[0m&amp#27;[32mClick on Login&amp#27;[0m                                                                      &amp#27;[90m# stepDefinitions.steps.click_on_login()&amp#27;[0m
  &amp#27;[32mThen &amp#27;[0m&amp#27;[32mUser can view Dashboard&amp#27;[0m                                                            &amp#27;[90m# stepDefinitions.steps.user_can_view_dashboard()&amp#27;[0m
  &amp#27;[32mWhen &amp#27;[0m&amp#27;[32mUser click on Customers menu&amp#27;[0m                                                       &amp#27;[90m# stepDefinitions.steps.user_click_on_customers_menu()&amp#27;[0m
  &amp#27;[32mAnd &amp#27;[0m&amp#27;[32mClick on Customers menu Item&amp#27;[0m                                                        &amp#27;[90m# stepDefinitions.steps.click_on_the_customers_menu_item()&amp#27;[0m
  &amp#27;[32mAnd &amp#27;[0m&amp#27;[32mClick on AddItem&amp#27;[0m                                                                    &amp#27;[90m# stepDefinitions.steps.click_on_add_item()&amp#27;[0m
  &amp#27;[32mThen &amp#27;[0m&amp#27;[32mUser can View Add new Customer Page&amp#27;[0m                                                &amp#27;[90m# stepDefinitions.steps.user_can_view_add_new_customer_page()&amp#27;[0m
  &amp#27;[31mWhen &amp#27;[0m&amp#27;[31mUser can enter customer info&amp#27;[0m                                                       &amp#27;[90m# stepDefinitions.steps.user_can_enter_customer_info()&amp#27;[0m
      &amp#27;[31morg.openqa.selenium.ElementNotInteractableException: element not interactable
  (Session info: chrome=114.0.5735.134)
Build info: version: '4.9.1', revision: 'eb2032df7f'
System info: os.name: 'Windows 11', os.arch: 'amd64', os.version: '10.0', java.version: '17.0.6'
Driver info: org.openqa.selenium.chrome.ChromeDriver
Command: [58415e6c9372f5df5b8dbf53c5d1e7ea, sendKeysToElement {id=1F4AAD64247FD46508DC817FBA1ACAD5_element_132, value=[Ljava.lang.CharSequence;@55fdf7f9}]
Capabilities {acceptInsecureCerts: false, browserName: chrome, browserVersion: 114.0.5735.134, chrome: {chromedriverVersion: 114.0.5735.90 (386bc09e8f4f..., userDataDir: C:\WINDOWS\SystemTemp\scope...}, goog:chromeOptions: {debuggerAddress: localhost:50955}, networkConnectionEnabled: false, pageLoadStrategy: normal, platformName: windows, proxy: Proxy(), se:cdp: ws://localhost:50955/devtoo..., se:cdpVersion: 114.0.5735.134, setWindowRect: true, strictFileInteractability: false, timeouts: {implicit: 0, pageLoad: 300000, script: 30000}, unhandledPromptBehavior: dismiss and notify, webauthn:extension:credBlob: true, webauthn:extension:largeBlob: true, webauthn:extension:minPinLength: true, webauthn:extension:prf: true, webauthn:virtualAuthenticators: true}
Element: [[ChromeDriver: chrome on windows (58415e6c9372f5df5b8dbf53c5d1e7ea)] -> id: Email]
Session ID: 58415e6c9372f5df5b8dbf53c5d1e7ea
	at java.base/jdk.internal.reflect.NativeConstructorAccessorImpl.newInstance0(Native Method)
	at java.base/jdk.internal.reflect.NativeConstructorAccessorImpl.newInstance(NativeConstructorAccessorImpl.java:77)
	at java.base/jdk.internal.reflect.DelegatingConstructorAccessorImpl.newInstance(DelegatingConstructorAccessorImpl.java:45)
	at java.base/java.lang.reflect.Constructor.newInstanceWithCaller(Constructor.java:499)
	at java.base/java.lang.reflect.Constructor.newInstance(Constructor.java:480)
	at org.openqa.selenium.remote.codec.w3c.W3CHttpResponseCodec.createException(W3CHttpResponseCodec.java:200)
	at org.openqa.selenium.remote.codec.w3c.W3CHttpResponseCodec.decode(W3CHttpResponseCodec.java:133)
	at org.openqa.selenium.remote.codec.w3c.W3CHttpResponseCodec.decode(W3CHttpResponseCodec.java:53)
	at org.openqa.selenium.remote.HttpCommandExecutor.execute(HttpCommandExecutor.java:193)
	at org.openqa.selenium.remote.service.DriverCommandExecutor.invokeExecute(DriverCommandExecutor.java:183)
	at org.openqa.selenium.remote.service.DriverCommandExecutor.execute(DriverCommandExecutor.java:158)
	at org.openqa.selenium.remote.RemoteWebDriver.execute(RemoteWebDriver.java:543)
	at org.openqa.selenium.remote.RemoteWebElement.execute(RemoteWebElement.java:257)
	at org.openqa.selenium.remote.RemoteWebElement.sendKeys(RemoteWebElement.java:113)
	at java.base/jdk.internal.reflect.NativeMethodAccessorImpl.invoke0(Native Method)
	at java.base/jdk.internal.reflect.NativeMethodAccessorImpl.invoke(NativeMethodAccessorImpl.java:77)
	at java.base/jdk.internal.reflect.DelegatingMethodAccessorImpl.invoke(DelegatingMethodAccessorImpl.java:43)
	at java.base/java.lang.reflect.Method.invoke(Method.java:568)
	at org.openqa.selenium.support.pagefactory.internal.LocatingElementHandler.invoke(LocatingElementHandler.java:52)
	at jdk.proxy2/jdk.proxy2.$Proxy39.sendKeys(Unknown Source)
	at pageObject.AddCustomerPage.setEmail(AddCustomerPage.java:70)
	at stepDefinitions.steps.user_can_enter_customer_info(steps.java:195)
	at âœ½.User can enter customer info(file:///C:/Users/Admin/eclipse-workspace/Cucumber_NopCommerce/./Features/NOP_Customers.feature:15)
&amp#27;[0m
  &amp#27;[36mAnd &amp#27;[0m&amp#27;[36mClick on Save button&amp#27;[0m                                                                &amp#27;[90m# stepDefinitions.steps.click_on_save_button()&amp#27;[0m
  &amp#27;[36mThen &amp#27;[0m&amp#27;[36mUser can view confirmation message &amp#27;[0m&amp#27;[36m&amp#27;[1m"The new customer has been added successfully."&amp#27;[0m &amp#27;[90m# stepDefinitions.steps.user_can_view_confirmation_message(java.lang.String)&amp#27;[0m
  &amp#27;[36mAnd &amp#27;[0m&amp#27;[36mClose browser&amp#27;[0m                                                                       &amp#27;[90m# stepDefinitions.steps.Close_browser()&amp#27;[0m
Scenario status ======>FAILED

    Embedding Add a New Customer [image/png 83238 bytes]

]]></system-out>
    <system-err><![CDATA[Jun 20, 2023 7:57:00 PM org.openqa.selenium.manager.SeleniumManager getDriverPath
INFO: Applicable driver not found; attempting to install with Selenium Manager (Beta)
SLF4J: Failed to load class "org.slf4j.impl.StaticLoggerBinder".
SLF4J: Defaulting to no-operation (NOP) logger implementation
SLF4J: See http://www.slf4j.org/codes.html#StaticLoggerBinder for further details.
Starting ChromeDriver 114.0.5735.90 (386bc09e8f4f2e025eddae123f36f6263096ae49-refs/branch-heads/5735@{#1052}) on port 38252
Only local connections are allowed.
Please see https://chromedriver.chromium.org/security-considerations for suggestions on keeping ChromeDriver safe.
ChromeDriver was started successfully.
Jun 20, 2023 7:57:03 PM org.openqa.selenium.devtools.CdpVersionFinder findNearestMatch
WARNING: Unable to find an exact match for CDP version 114, so returning the closest version found: 113
]]></system-err>
  </testcase>
  <testcase name="Search Customer by EmailID" classname="Customers" time="23.585">
    <system-out><![CDATA[
@Regression
Scenario: Search Customer by EmailID                                     &amp#27;[90m# Features/NOP_Customers.feature:21&amp#27;[0m
  &amp#27;[32mGiven &amp#27;[0m&amp#27;[32mUser Launch the browser&amp#27;[0m                                          &amp#27;[90m# stepDefinitions.steps.user_launch_the_browser()&amp#27;[0m
  &amp#27;[32mWhen &amp#27;[0m&amp#27;[32mUser opens the URL &amp#27;[0m&amp#27;[32m&amp#27;[1m"https://admin-demo.nopcommerce.com/admin/"&amp#27;[0m    &amp#27;[90m# stepDefinitions.steps.user_opens_the_url(java.lang.String)&amp#27;[0m
  &amp#27;[32mAnd &amp#27;[0m&amp#27;[32mUser enters Email as &amp#27;[0m&amp#27;[32m&amp#27;[1m"admin@yourstore.com"&amp#27;[0m&amp#27;[32m and Password as &amp#27;[0m&amp#27;[32m&amp#27;[1m"admin"&amp#27;[0m &amp#27;[90m# stepDefinitions.steps.user_enters_email_as_and_password_as(java.lang.String,java.lang.String)&amp#27;[0m
  &amp#27;[32mAnd &amp#27;[0m&amp#27;[32mClick on Login&amp#27;[0m                                                     &amp#27;[90m# stepDefinitions.steps.click_on_login()&amp#27;[0m
  &amp#27;[32mThen &amp#27;[0m&amp#27;[32mUser can view Dashboard&amp#27;[0m                                           &amp#27;[90m# stepDefinitions.steps.user_can_view_dashboard()&amp#27;[0m
  &amp#27;[32mWhen &amp#27;[0m&amp#27;[32mUser click on Customers menu&amp#27;[0m                                      &amp#27;[90m# stepDefinitions.steps.user_click_on_customers_menu()&amp#27;[0m
  &amp#27;[32mAnd &amp#27;[0m&amp#27;[32mClick on Customers menu Item&amp#27;[0m                                       &amp#27;[90m# stepDefinitions.steps.click_on_the_customers_menu_item()&amp#27;[0m
Email******admin@yourStore.com
  &amp#27;[32mAnd &amp#27;[0m&amp#27;[32mClick on customer Email&amp#27;[0m                                            &amp#27;[90m# stepDefinitions.steps.click_on_customer_email()&amp#27;[0m
  &amp#27;[32mWhen &amp#27;[0m&amp#27;[32mClick on Search button&amp#27;[0m                                            &amp#27;[90m# stepDefinitions.steps.click_on_search_button()&amp#27;[0m
  &amp#27;[32mThen &amp#27;[0m&amp#27;[32mUser should found Email in the Search Table&amp#27;[0m                       &amp#27;[90m# stepDefinitions.steps.user_should_found_email_in_the_search_table()&amp#27;[0m
  &amp#27;[32mAnd &amp#27;[0m&amp#27;[32mClose browser&amp#27;[0m                                                      &amp#27;[90m# stepDefinitions.steps.Close_browser()&amp#27;[0m
Scenario status ======>PASSED
]]></system-out>
    <system-err><![CDATA[Jun 20, 2023 7:57:36 PM org.openqa.selenium.manager.SeleniumManager getDriverPath
INFO: Applicable driver not found; attempting to install with Selenium Manager (Beta)
Starting ChromeDriver 114.0.5735.90 (386bc09e8f4f2e025eddae123f36f6263096ae49-refs/branch-heads/5735@{#1052}) on port 8493
Only local connections are allowed.
Please see https://chromedriver.chromium.org/security-considerations for suggestions on keeping ChromeDriver safe.
ChromeDriver was started successfully.
Jun 20, 2023 7:57:38 PM org.openqa.selenium.devtools.CdpVersionFinder findNearestMatch
WARNING: Unable to find an exact match for CDP version 114, so returning the closest version found: 113
]]></system-err>
  </testcase>
  <testcase name="Search Customer by Name" classname="Customers" time="19.637">
    <system-out><![CDATA[
@Regression
Scenario: Search Customer by Name                                        &amp#27;[90m# Features/NOP_Customers.feature:30&amp#27;[0m
  &amp#27;[32mGiven &amp#27;[0m&amp#27;[32mUser Launch the browser&amp#27;[0m                                          &amp#27;[90m# stepDefinitions.steps.user_launch_the_browser()&amp#27;[0m
  &amp#27;[32mWhen &amp#27;[0m&amp#27;[32mUser opens the URL &amp#27;[0m&amp#27;[32m&amp#27;[1m"https://admin-demo.nopcommerce.com/admin/"&amp#27;[0m    &amp#27;[90m# stepDefinitions.steps.user_opens_the_url(java.lang.String)&amp#27;[0m
  &amp#27;[32mAnd &amp#27;[0m&amp#27;[32mUser enters Email as &amp#27;[0m&amp#27;[32m&amp#27;[1m"admin@yourstore.com"&amp#27;[0m&amp#27;[32m and Password as &amp#27;[0m&amp#27;[32m&amp#27;[1m"admin"&amp#27;[0m &amp#27;[90m# stepDefinitions.steps.user_enters_email_as_and_password_as(java.lang.String,java.lang.String)&amp#27;[0m
  &amp#27;[32mAnd &amp#27;[0m&amp#27;[32mClick on Login&amp#27;[0m                                                     &amp#27;[90m# stepDefinitions.steps.click_on_login()&amp#27;[0m
  &amp#27;[32mThen &amp#27;[0m&amp#27;[32mUser can view Dashboard&amp#27;[0m                                           &amp#27;[90m# stepDefinitions.steps.user_can_view_dashboard()&amp#27;[0m
  &amp#27;[32mWhen &amp#27;[0m&amp#27;[32mUser click on Customers menu&amp#27;[0m                                      &amp#27;[90m# stepDefinitions.steps.user_click_on_customers_menu()&amp#27;[0m
  &amp#27;[32mAnd &amp#27;[0m&amp#27;[32mClick on Customers menu Item&amp#27;[0m                                       &amp#27;[90m# stepDefinitions.steps.click_on_the_customers_menu_item()&amp#27;[0m
  &amp#27;[32mAnd &amp#27;[0m&amp#27;[32mEnter customer FirstName&amp#27;[0m                                           &amp#27;[90m# stepDefinitions.steps.enter_customer_firstname()&amp#27;[0m
  &amp#27;[32mAnd &amp#27;[0m&amp#27;[32mEnter customer LastName&amp#27;[0m                                            &amp#27;[90m# stepDefinitions.steps.enter_customer_lastname()&amp#27;[0m
  &amp#27;[32mWhen &amp#27;[0m&amp#27;[32mClick on Search button&amp#27;[0m                                            &amp#27;[90m# stepDefinitions.steps.click_on_search_button()&amp#27;[0m
  &amp#27;[32mThen &amp#27;[0m&amp#27;[32mUser should found Name in the Search Table&amp#27;[0m                        &amp#27;[90m# stepDefinitions.steps.user_should_found_name_in_the_search_table()&amp#27;[0m
  &amp#27;[32mAnd &amp#27;[0m&amp#27;[32mClose browser&amp#27;[0m                                                      &amp#27;[90m# stepDefinitions.steps.Close_browser()&amp#27;[0m
Scenario status ======>PASSED
]]></system-out>
    <system-err><![CDATA[Jun 20, 2023 7:58:00 PM org.openqa.selenium.manager.SeleniumManager getDriverPath
INFO: Applicable driver not found; attempting to install with Selenium Manager (Beta)
Starting ChromeDriver 114.0.5735.90 (386bc09e8f4f2e025eddae123f36f6263096ae49-refs/branch-heads/5735@{#1052}) on port 25041
Only local connections are allowed.
Please see https://chromedriver.chromium.org/security-considerations for suggestions on keeping ChromeDriver safe.
ChromeDriver was started successfully.
Jun 20, 2023 7:58:01 PM org.openqa.selenium.devtools.CdpVersionFinder findNearestMatch
WARNING: Unable to find an exact match for CDP version 114, so returning the closest version found: 113
]]></system-err>
  </testcase>
  <testcase name="Login with valid Credentials" classname="Login" time="16.002">
    <system-out><![CDATA[
@Sanity
Scenario: Login with valid Credentials                                   &amp#27;[90m# Features/NOP_Login.feature:4&amp#27;[0m
  &amp#27;[32mGiven &amp#27;[0m&amp#27;[32mUser Launch the browser&amp#27;[0m                                          &amp#27;[90m# stepDefinitions.steps.user_launch_the_browser()&amp#27;[0m
  &amp#27;[32mWhen &amp#27;[0m&amp#27;[32mUser opens the URL &amp#27;[0m&amp#27;[32m&amp#27;[1m"https://admin-demo.nopcommerce.com/admin/"&amp#27;[0m    &amp#27;[90m# stepDefinitions.steps.user_opens_the_url(java.lang.String)&amp#27;[0m
  &amp#27;[32mAnd &amp#27;[0m&amp#27;[32mUser enters Email as &amp#27;[0m&amp#27;[32m&amp#27;[1m"admin@yourstore.com"&amp#27;[0m&amp#27;[32m and Password as &amp#27;[0m&amp#27;[32m&amp#27;[1m"admin"&amp#27;[0m &amp#27;[90m# stepDefinitions.steps.user_enters_email_as_and_password_as(java.lang.String,java.lang.String)&amp#27;[0m
  &amp#27;[32mAnd &amp#27;[0m&amp#27;[32mClick on Login&amp#27;[0m                                                     &amp#27;[90m# stepDefinitions.steps.click_on_login()&amp#27;[0m
  &amp#27;[32mThen &amp#27;[0m&amp#27;[32mPage Title should be &amp#27;[0m&amp#27;[32m&amp#27;[1m"Dashboard / nopCommerce administration"&amp#27;[0m     &amp#27;[90m# stepDefinitions.steps.page_title_should_be(java.lang.String)&amp#27;[0m
  &amp#27;[32mWhen &amp#27;[0m&amp#27;[32mUser click on logout link&amp#27;[0m                                         &amp#27;[90m# stepDefinitions.steps.user_click_on_logout_link()&amp#27;[0m
  &amp#27;[32mThen &amp#27;[0m&amp#27;[32mPage Title should be &amp#27;[0m&amp#27;[32m&amp#27;[1m"Your store. Login"&amp#27;[0m                          &amp#27;[90m# stepDefinitions.steps.page_title_should_be(java.lang.String)&amp#27;[0m
  &amp#27;[32mAnd &amp#27;[0m&amp#27;[32mClose browser&amp#27;[0m                                                      &amp#27;[90m# stepDefinitions.steps.Close_browser()&amp#27;[0m
Scenario status ======>PASSED
]]></system-out>
    <system-err><![CDATA[Jun 20, 2023 7:58:20 PM org.openqa.selenium.manager.SeleniumManager getDriverPath
INFO: Applicable driver not found; attempting to install with Selenium Manager (Beta)
Starting ChromeDriver 114.0.5735.90 (386bc09e8f4f2e025eddae123f36f6263096ae49-refs/branch-heads/5735@{#1052}) on port 37922
Only local connections are allowed.
Please see https://chromedriver.chromium.org/security-considerations for suggestions on keeping ChromeDriver safe.
ChromeDriver was started successfully.
Jun 20, 2023 7:58:21 PM org.openqa.selenium.devtools.CdpVersionFinder findNearestMatch
WARNING: Unable to find an exact match for CDP version 114, so returning the closest version found: 113
]]></system-err>
  </testcase>
  <testcase name="Login with Invalid password" classname="Login" time="8.594">
    <failure type="java.lang.AssertionError"><![CDATA[java.lang.AssertionError
	at org.junit.Assert.fail(Assert.java:87)
	at org.junit.Assert.assertTrue(Assert.java:42)
	at org.junit.Assert.assertTrue(Assert.java:53)
	at stepDefinitions.steps.page_title_should_be(steps.java:111)
	at ✽.Page Title should be "Dashboard / nopCommerce administration"(file:///C:/Users/Admin/eclipse-workspace/Cucumber_NopCommerce/./Features/NOP_Login.feature:19)
]]></failure>
    <system-out><![CDATA[
@Regression
Scenario: Login with Invalid password                                       &amp#27;[90m# Features/NOP_Login.feature:14&amp#27;[0m
  &amp#27;[32mGiven &amp#27;[0m&amp#27;[32mUser Launch the browser&amp#27;[0m                                             &amp#27;[90m# stepDefinitions.steps.user_launch_the_browser()&amp#27;[0m
  &amp#27;[32mWhen &amp#27;[0m&amp#27;[32mUser opens the URL &amp#27;[0m&amp#27;[32m&amp#27;[1m"https://admin-demo.nopcommerce.com/admin/"&amp#27;[0m       &amp#27;[90m# stepDefinitions.steps.user_opens_the_url(java.lang.String)&amp#27;[0m
  &amp#27;[32mAnd &amp#27;[0m&amp#27;[32mUser enters Email as &amp#27;[0m&amp#27;[32m&amp#27;[1m"admin@yourstore.com"&amp#27;[0m&amp#27;[32m and Password as &amp#27;[0m&amp#27;[32m&amp#27;[1m"admin123"&amp#27;[0m &amp#27;[90m# stepDefinitions.steps.user_enters_email_as_and_password_as(java.lang.String,java.lang.String)&amp#27;[0m
  &amp#27;[32mAnd &amp#27;[0m&amp#27;[32mClick on Login&amp#27;[0m                                                        &amp#27;[90m# stepDefinitions.steps.click_on_login()&amp#27;[0m
  &amp#27;[31mThen &amp#27;[0m&amp#27;[31mPage Title should be &amp#27;[0m&amp#27;[31m&amp#27;[1m"Dashboard / nopCommerce administration"&amp#27;[0m        &amp#27;[90m# stepDefinitions.steps.page_title_should_be(java.lang.String)&amp#27;[0m
      &amp#27;[31mjava.lang.AssertionError
	at org.junit.Assert.fail(Assert.java:87)
	at org.junit.Assert.assertTrue(Assert.java:42)
	at org.junit.Assert.assertTrue(Assert.java:53)
	at stepDefinitions.steps.page_title_should_be(steps.java:111)
	at âœ½.Page Title should be "Dashboard / nopCommerce administration"(file:///C:/Users/Admin/eclipse-workspace/Cucumber_NopCommerce/./Features/NOP_Login.feature:19)
&amp#27;[0m
  &amp#27;[36mWhen &amp#27;[0m&amp#27;[36mUser click on logout link&amp#27;[0m                                            &amp#27;[90m# stepDefinitions.steps.user_click_on_logout_link()&amp#27;[0m
  &amp#27;[36mThen &amp#27;[0m&amp#27;[36mPage Title should be &amp#27;[0m&amp#27;[36m&amp#27;[1m"Your store. Login"&amp#27;[0m                             &amp#27;[90m# stepDefinitions.steps.page_title_should_be(java.lang.String)&amp#27;[0m
  &amp#27;[36mAnd &amp#27;[0m&amp#27;[36mClose browser&amp#27;[0m                                                         &amp#27;[90m# stepDefinitions.steps.Close_browser()&amp#27;[0m
Scenario status ======>FAILED

    Embedding Login with Invalid password [image/png 34187 bytes]

]]></system-out>
    <system-err><![CDATA[Jun 20, 2023 7:58:36 PM org.openqa.selenium.manager.SeleniumManager getDriverPath
INFO: Applicable driver not found; attempting to install with Selenium Manager (Beta)
Starting ChromeDriver 114.0.5735.90 (386bc09e8f4f2e025eddae123f36f6263096ae49-refs/branch-heads/5735@{#1052}) on port 36849
Only local connections are allowed.
Please see https://chromedriver.chromium.org/security-considerations for suggestions on keeping ChromeDriver safe.
ChromeDriver was started successfully.
Jun 20, 2023 7:58:37 PM org.openqa.selenium.devtools.CdpVersionFinder findNearestMatch
WARNING: Unable to find an exact match for CDP version 114, so returning the closest version found: 113
]]></system-err>
  </testcase>
  <testcase name="Login Using Data Driven #1" classname="Multiple Login" time="15.562">
    <system-out><![CDATA[
@Regression
Scenario Outline: Login Using Data Driven                                &amp#27;[90m# Features/NOP_LoginDDT.feature:16&amp#27;[0m
  &amp#27;[32mGiven &amp#27;[0m&amp#27;[32mUser Launch the browser&amp#27;[0m                                          &amp#27;[90m# stepDefinitions.steps.user_launch_the_browser()&amp#27;[0m
  &amp#27;[32mWhen &amp#27;[0m&amp#27;[32mUser opens the URL &amp#27;[0m&amp#27;[32m&amp#27;[1m"https://admin-demo.nopcommerce.com/admin/"&amp#27;[0m    &amp#27;[90m# stepDefinitions.steps.user_opens_the_url(java.lang.String)&amp#27;[0m
  &amp#27;[32mAnd &amp#27;[0m&amp#27;[32mUser enters Email as &amp#27;[0m&amp#27;[32m&amp#27;[1m"admin@yourstore.com"&amp#27;[0m&amp#27;[32m and Password as &amp#27;[0m&amp#27;[32m&amp#27;[1m"admin"&amp#27;[0m &amp#27;[90m# stepDefinitions.steps.user_enters_email_as_and_password_as(java.lang.String,java.lang.String)&amp#27;[0m
  &amp#27;[32mAnd &amp#27;[0m&amp#27;[32mClick on Login&amp#27;[0m                                                     &amp#27;[90m# stepDefinitions.steps.click_on_login()&amp#27;[0m
  &amp#27;[32mThen &amp#27;[0m&amp#27;[32mPage Title should be &amp#27;[0m&amp#27;[32m&amp#27;[1m"Dashboard / nopCommerce administration"&amp#27;[0m     &amp#27;[90m# stepDefinitions.steps.page_title_should_be(java.lang.String)&amp#27;[0m
  &amp#27;[32mWhen &amp#27;[0m&amp#27;[32mUser click on logout link&amp#27;[0m                                         &amp#27;[90m# stepDefinitions.steps.user_click_on_logout_link()&amp#27;[0m
  &amp#27;[32mThen &amp#27;[0m&amp#27;[32mPage Title should be &amp#27;[0m&amp#27;[32m&amp#27;[1m"Your store. Login"&amp#27;[0m                          &amp#27;[90m# stepDefinitions.steps.page_title_should_be(java.lang.String)&amp#27;[0m
  &amp#27;[32mAnd &amp#27;[0m&amp#27;[32mClose browser&amp#27;[0m                                                      &amp#27;[90m# stepDefinitions.steps.Close_browser()&amp#27;[0m
Scenario status ======>PASSED
]]></system-out>
    <system-err><![CDATA[Jun 20, 2023 7:58:44 PM org.openqa.selenium.manager.SeleniumManager getDriverPath
INFO: Applicable driver not found; attempting to install with Selenium Manager (Beta)
Starting ChromeDriver 114.0.5735.90 (386bc09e8f4f2e025eddae123f36f6263096ae49-refs/branch-heads/5735@{#1052}) on port 4459
Only local connections are allowed.
Please see https://chromedriver.chromium.org/security-considerations for suggestions on keeping ChromeDriver safe.
ChromeDriver was started successfully.
Jun 20, 2023 7:58:45 PM org.openqa.selenium.devtools.CdpVersionFinder findNearestMatch
WARNING: Unable to find an exact match for CDP version 114, so returning the closest version found: 113
]]></system-err>
  </testcase>
  <testcase name="Login Using Data Driven #2" classname="Multiple Login" time="8.144">
    <failure type="java.lang.AssertionError"><![CDATA[java.lang.AssertionError
	at org.junit.Assert.fail(Assert.java:87)
	at org.junit.Assert.assertTrue(Assert.java:42)
	at org.junit.Assert.assertTrue(Assert.java:53)
	at stepDefinitions.steps.page_title_should_be(steps.java:111)
	at ✽.Page Title should be "Dashboard / nopCommerce administration"(file:///C:/Users/Admin/eclipse-workspace/Cucumber_NopCommerce/./Features/NOP_LoginDDT.feature:9)
]]></failure>
    <system-out><![CDATA[
@Regression
Scenario Outline: Login Using Data Driven                                 &amp#27;[90m# Features/NOP_LoginDDT.feature:17&amp#27;[0m
  &amp#27;[32mGiven &amp#27;[0m&amp#27;[32mUser Launch the browser&amp#27;[0m                                           &amp#27;[90m# stepDefinitions.steps.user_launch_the_browser()&amp#27;[0m
  &amp#27;[32mWhen &amp#27;[0m&amp#27;[32mUser opens the URL &amp#27;[0m&amp#27;[32m&amp#27;[1m"https://admin-demo.nopcommerce.com/admin/"&amp#27;[0m     &amp#27;[90m# stepDefinitions.steps.user_opens_the_url(java.lang.String)&amp#27;[0m
  &amp#27;[32mAnd &amp#27;[0m&amp#27;[32mUser enters Email as &amp#27;[0m&amp#27;[32m&amp#27;[1m"admin1@yourstore.com"&amp#27;[0m&amp#27;[32m and Password as &amp#27;[0m&amp#27;[32m&amp#27;[1m"admin"&amp#27;[0m &amp#27;[90m# stepDefinitions.steps.user_enters_email_as_and_password_as(java.lang.String,java.lang.String)&amp#27;[0m
  &amp#27;[32mAnd &amp#27;[0m&amp#27;[32mClick on Login&amp#27;[0m                                                      &amp#27;[90m# stepDefinitions.steps.click_on_login()&amp#27;[0m
  &amp#27;[31mThen &amp#27;[0m&amp#27;[31mPage Title should be &amp#27;[0m&amp#27;[31m&amp#27;[1m"Dashboard / nopCommerce administration"&amp#27;[0m      &amp#27;[90m# stepDefinitions.steps.page_title_should_be(java.lang.String)&amp#27;[0m
      &amp#27;[31mjava.lang.AssertionError
	at org.junit.Assert.fail(Assert.java:87)
	at org.junit.Assert.assertTrue(Assert.java:42)
	at org.junit.Assert.assertTrue(Assert.java:53)
	at stepDefinitions.steps.page_title_should_be(steps.java:111)
	at âœ½.Page Title should be "Dashboard / nopCommerce administration"(file:///C:/Users/Admin/eclipse-workspace/Cucumber_NopCommerce/./Features/NOP_LoginDDT.feature:9)
&amp#27;[0m
  &amp#27;[36mWhen &amp#27;[0m&amp#27;[36mUser click on logout link&amp#27;[0m                                          &amp#27;[90m# stepDefinitions.steps.user_click_on_logout_link()&amp#27;[0m
  &amp#27;[36mThen &amp#27;[0m&amp#27;[36mPage Title should be &amp#27;[0m&amp#27;[36m&amp#27;[1m"Your store. Login"&amp#27;[0m                           &amp#27;[90m# stepDefinitions.steps.page_title_should_be(java.lang.String)&amp#27;[0m
  &amp#27;[36mAnd &amp#27;[0m&amp#27;[36mClose browser&amp#27;[0m                                                       &amp#27;[90m# stepDefinitions.steps.Close_browser()&amp#27;[0m
Scenario status ======>FAILED

    Embedding Login Using Data Driven [image/png 33833 bytes]

]]></system-out>
    <system-err><![CDATA[Jun 20, 2023 7:59:00 PM org.openqa.selenium.manager.SeleniumManager getDriverPath
INFO: Applicable driver not found; attempting to install with Selenium Manager (Beta)
Starting ChromeDriver 114.0.5735.90 (386bc09e8f4f2e025eddae123f36f6263096ae49-refs/branch-heads/5735@{#1052}) on port 11767
Only local connections are allowed.
Please see https://chromedriver.chromium.org/security-considerations for suggestions on keeping ChromeDriver safe.
ChromeDriver was started successfully.
Jun 20, 2023 7:59:01 PM org.openqa.selenium.devtools.CdpVersionFinder findNearestMatch
WARNING: Unable to find an exact match for CDP version 114, so returning the closest version found: 113
]]></system-err>
  </testcase>
</testsuite>